# JRE version: Java(TM) SE Runtime Environment (8.0_31-b13) (build 1.8.0_31-b13)
# Java VM: Java HotSpot(TM) 64-Bit Server VM (25.31-b07 mixed mode windows-amd64 compressed oops)
Heap:
 PSYoungGen      total 300032K, used 32753K [0x000000076ae00000, 0x0000000783700000, 0x00000007c0000000)
  eden space 284672K, 6% used [0x000000076ae00000,0x000000076beff828,0x000000077c400000)
  from space 15360K, 99% used [0x000000077d600000,0x000000077e4fcf20,0x000000077e500000)
  to   space 18432K, 0% used [0x000000077c400000,0x000000077c400000,0x000000077d600000)
 ParOldGen       total 174592K, used 26967K [0x00000006c0a00000, 0x00000006cb480000, 0x000000076ae00000)
  object space 174592K, 15% used [0x00000006c0a00000,0x00000006c2455cc0,0x00000006cb480000)
 Metaspace       used 48867K, capacity 49282K, committed 49536K, reserved 1091584K
  class space    used 6354K, capacity 6426K, committed 6528K, reserved 1048576K
GC Heap History (10 events):
Event: 1.690 GC heap before
{Heap before GC invocations=4 (full 1):
 PSYoungGen      total 141824K, used 10730K [0x000000076ae00000, 0x000000077c300000, 0x00000007c0000000)
  eden space 131072K, 0% used [0x000000076ae00000,0x000000076ae00000,0x0000000772e00000)
  from space 10752K, 99% used [0x0000000772e00000,0x000000077387a890,0x0000000773880000)
  to   space 10752K, 0% used [0x000000077b880000,0x000000077b880000,0x000000077c300000)
 ParOldGen       total 175104K, used 3212K [0x00000006c0a00000, 0x00000006cb500000, 0x000000076ae00000)
  object space 175104K, 1% used [0x00000006c0a00000,0x00000006c0d230a8,0x00000006cb500000)
 Metaspace       used 20866K, capacity 21124K, committed 21296K, reserved 1069056K
  class space    used 2544K, capacity 2607K, committed 2688K, reserved 1048576K
Event: 1.742 GC heap after
Heap after GC invocations=4 (full 1):
 PSYoungGen      total 141824K, used 0K [0x000000076ae00000, 0x000000077c300000, 0x00000007c0000000)
  eden space 131072K, 0% used [0x000000076ae00000,0x000000076ae00000,0x0000000772e00000)
  from space 10752K, 0% used [0x0000000772e00000,0x0000000772e00000,0x0000000773880000)
  to   space 10752K, 0% used [0x000000077b880000,0x000000077b880000,0x000000077c300000)
 ParOldGen       total 109056K, used 11734K [0x00000006c0a00000, 0x00000006c7480000, 0x000000076ae00000)
  object space 109056K, 10% used [0x00000006c0a00000,0x00000006c1575a30,0x00000006c7480000)
 Metaspace       used 20865K, capacity 21122K, committed 21296K, reserved 1069056K
  class space    used 2544K, capacity 2606K, committed 2688K, reserved 1048576K
}
Event: 3.008 GC heap before
{Heap before GC invocations=5 (full 1):
 PSYoungGen      total 141824K, used 131072K [0x000000076ae00000, 0x000000077c300000, 0x00000007c0000000)
  eden space 131072K, 100% used [0x000000076ae00000,0x0000000772e00000,0x0000000772e00000)
  from space 10752K, 0% used [0x0000000772e00000,0x0000000772e00000,0x0000000773880000)
  to   space 10752K, 0% used [0x000000077b880000,0x000000077b880000,0x000000077c300000)
 ParOldGen       total 109056K, used 11734K [0x00000006c0a00000, 0x00000006c7480000, 0x000000076ae00000)
  object space 109056K, 10% used [0x00000006c0a00000,0x00000006c1575a30,0x00000006c7480000)
 Metaspace       used 27460K, capacity 27732K, committed 27776K, reserved 1073152K
  class space    used 3380K, capacity 3425K, committed 3456K, reserved 1048576K
Event: 3.026 GC heap after
Heap after GC invocations=5 (full 1):
 PSYoungGen      total 207872K, used 9239K [0x000000076ae00000, 0x000000077c200000, 0x00000007c0000000)
  eden space 198144K, 0% used [0x000000076ae00000,0x000000076ae00000,0x0000000776f80000)
  from space 9728K, 94% used [0x000000077b880000,0x000000077c185c50,0x000000077c200000)
  to   space 10752K, 0% used [0x000000077ad00000,0x000000077ad00000,0x000000077b780000)
 ParOldGen       total 109056K, used 11742K [0x00000006c0a00000, 0x00000006c7480000, 0x000000076ae00000)
  object space 109056K, 10% used [0x00000006c0a00000,0x00000006c1577a30,0x00000006c7480000)
 Metaspace       used 27460K, capacity 27732K, committed 27776K, reserved 1073152K
  class space    used 3380K, capacity 3425K, committed 3456K, reserved 1048576K
}
Event: 5.438 GC heap before
{Heap before GC invocations=6 (full 1):
 PSYoungGen      total 207872K, used 134252K [0x000000076ae00000, 0x000000077c200000, 0x00000007c0000000)
  eden space 198144K, 63% used [0x000000076ae00000,0x0000000772815410,0x0000000776f80000)
  from space 9728K, 94% used [0x000000077b880000,0x000000077c185c50,0x000000077c200000)
  to   space 10752K, 0% used [0x000000077ad00000,0x000000077ad00000,0x000000077b780000)
 ParOldGen       total 109056K, used 11742K [0x00000006c0a00000, 0x00000006c7480000, 0x000000076ae00000)
  object space 109056K, 10% used [0x00000006c0a00000,0x00000006c1577a30,0x00000006c7480000)
 Metaspace       used 34967K, capacity 35262K, committed 35496K, reserved 1081344K
  class space    used 4446K, capacity 4520K, committed 4608K, reserved 1048576K
Event: 5.449 GC heap after
Heap after GC invocations=6 (full 1):
 PSYoungGen      total 271872K, used 10750K [0x000000076ae00000, 0x000000077e500000, 0x00000007c0000000)
  eden space 261120K, 0% used [0x000000076ae00000,0x000000076ae00000,0x000000077ad00000)
  from space 10752K, 99% used [0x000000077ad00000,0x000000077b77f9b0,0x000000077b780000)
  to   space 15360K, 0% used [0x000000077d600000,0x000000077d600000,0x000000077e500000)
 ParOldGen       total 109056K, used 15871K [0x00000006c0a00000, 0x00000006c7480000, 0x000000076ae00000)
  object space 109056K, 14% used [0x00000006c0a00000,0x00000006c197fe90,0x00000006c7480000)
 Metaspace       used 34967K, capacity 35262K, committed 35496K, reserved 1081344K
  class space    used 4446K, capacity 4520K, committed 4608K, reserved 1048576K
}
Event: 5.449 GC heap before
{Heap before GC invocations=7 (full 2):
 PSYoungGen      total 271872K, used 10750K [0x000000076ae00000, 0x000000077e500000, 0x00000007c0000000)
  eden space 261120K, 0% used [0x000000076ae00000,0x000000076ae00000,0x000000077ad00000)
  from space 10752K, 99% used [0x000000077ad00000,0x000000077b77f9b0,0x000000077b780000)
  to   space 15360K, 0% used [0x000000077d600000,0x000000077d600000,0x000000077e500000)
 ParOldGen       total 109056K, used 15871K [0x00000006c0a00000, 0x00000006c7480000, 0x000000076ae00000)
  object space 109056K, 14% used [0x00000006c0a00000,0x00000006c197fe90,0x00000006c7480000)
 Metaspace       used 34967K, capacity 35262K, committed 35496K, reserved 1081344K
  class space    used 4446K, capacity 4520K, committed 4608K, reserved 1048576K
Event: 5.549 GC heap after
Heap after GC invocations=7 (full 2):
 PSYoungGen      total 271872K, used 0K [0x000000076ae00000, 0x000000077e500000, 0x00000007c0000000)
  eden space 261120K, 0% used [0x000000076ae00000,0x000000076ae00000,0x000000077ad00000)
  from space 10752K, 0% used [0x000000077ad00000,0x000000077ad00000,0x000000077b780000)
  to   space 15360K, 0% used [0x000000077d600000,0x000000077d600000,0x000000077e500000)
 ParOldGen       total 174592K, used 23872K [0x00000006c0a00000, 0x00000006cb480000, 0x000000076ae00000)
  object space 174592K, 13% used [0x00000006c0a00000,0x00000006c2150350,0x00000006cb480000)
 Metaspace       used 34967K, capacity 35262K, committed 35496K, reserved 1081344K
  class space    used 4446K, capacity 4520K, committed 4608K, reserved 1048576K
}
Event: 20.195 GC heap before
{Heap before GC invocations=8 (full 2):
 PSYoungGen      total 271872K, used 261120K [0x000000076ae00000, 0x000000077e500000, 0x00000007c0000000)
  eden space 261120K, 100% used [0x000000076ae00000,0x000000077ad00000,0x000000077ad00000)
  from space 10752K, 0% used [0x000000077ad00000,0x000000077ad00000,0x000000077b780000)
  to   space 15360K, 0% used [0x000000077d600000,0x000000077d600000,0x000000077e500000)
 ParOldGen       total 174592K, used 23872K [0x00000006c0a00000, 0x00000006cb480000, 0x000000076ae00000)
  object space 174592K, 13% used [0x00000006c0a00000,0x00000006c2150350,0x00000006cb480000)
 Metaspace       used 48088K, capacity 48482K, committed 48896K, reserved 1091584K
  class space    used 6258K, capacity 6330K, committed 6400K, reserved 1048576K
Event: 20.209 GC heap after
Heap after GC invocations=8 (full 2):
 PSYoungGen      total 300032K, used 15347K [0x000000076ae00000, 0x0000000783700000, 0x00000007c0000000)
  eden space 284672K, 0% used [0x000000076ae00000,0x000000076ae00000,0x000000077c400000)
  from space 15360K, 99% used [0x000000077d600000,0x000000077e4fcf20,0x000000077e500000)
  to   space 18432K, 0% used [0x000000077c400000,0x000000077c400000,0x000000077d600000)
 ParOldGen       total 174592K, used 26967K [0x00000006c0a00000, 0x00000006cb480000, 0x000000076ae00000)
  object space 174592K, 15% used [0x00000006c0a00000,0x00000006c2455cc0,0x00000006cb480000)
 Metaspace       used 48088K, capacity 48482K, committed 48896K, reserved 1091584K
  class space    used 6258K, capacity 6330K, committed 6400K, reserved 1048576K
}

